# JRE version: 7.0_09-b05
# Java VM: Java HotSpot(TM) 64-Bit Server VM (23.5-b02 mixed mode linux-amd64 compressed oops)
Heap
 PSYoungGen      total 148096K, used 79526K [0x00000000f5560000, 0x00000000ffba0000, 0x0000000100000000)
  eden space 126336K, 60% used [0x00000000f5560000,0x00000000fa05a780,0x00000000fd0c0000)
  from space 21760K, 12% used [0x00000000fd0c0000,0x00000000fd36f1d0,0x00000000fe600000)
  to   space 20608K, 0% used [0x00000000fe780000,0x00000000fe780000,0x00000000ffba0000)
 ParOldGen       total 162048K, used 97334K [0x00000000e0000000, 0x00000000e9e40000, 0x00000000f5560000)
  object space 162048K, 60% used [0x00000000e0000000,0x00000000e5f0dbf0,0x00000000e9e40000)
 PSPermGen       total 83968K, used 48238K [0x00000000dae00000, 0x00000000e0000000, 0x00000000e0000000)
  object space 83968K, 57% used [0x00000000dae00000,0x00000000ddd1b948,0x00000000e0000000)
GC Heap History (10 events):
Event: 80.569 GC heap before
{Heap before GC invocations=24 (full 3):
 PSYoungGen      total 142720K, used 120726K [0x00000000f5560000, 0x00000000ffca0000, 0x0000000100000000)
  eden space 118144K, 100% used [0x00000000f5560000,0x00000000fc8c0000,0x00000000fc8c0000)
  from space 24576K, 10% used [0x00000000fe4a0000,0x00000000fe725888,0x00000000ffca0000)
  to   space 26560K, 0% used [0x00000000fc8c0000,0x00000000fc8c0000,0x00000000fe2b0000)
 ParOldGen       total 162048K, used 97334K [0x00000000e0000000, 0x00000000e9e40000, 0x00000000f5560000)
  object space 162048K, 60% used [0x00000000e0000000,0x00000000e5f0dbf0,0x00000000e9e40000)
 PSPermGen       total 83968K, used 48004K [0x00000000dae00000, 0x00000000e0000000, 0x00000000e0000000)
  object space 83968K, 57% used [0x00000000dae00000,0x00000000ddce1140,0x00000000e0000000)
Event: 80.579 GC heap after
Heap after GC invocations=24 (full 3):
 PSYoungGen      total 144704K, used 2993K [0x00000000f5560000, 0x00000000fff30000, 0x0000000100000000)
  eden space 118144K, 0% used [0x00000000f5560000,0x00000000f5560000,0x00000000fc8c0000)
  from space 26560K, 11% used [0x00000000fc8c0000,0x00000000fcbac460,0x00000000fe2b0000)
  to   space 25280K, 0% used [0x00000000fe680000,0x00000000fe680000,0x00000000fff30000)
 ParOldGen       total 162048K, used 97334K [0x00000000e0000000, 0x00000000e9e40000, 0x00000000f5560000)
  object space 162048K, 60% used [0x00000000e0000000,0x00000000e5f0dbf0,0x00000000e9e40000)
 PSPermGen       total 83968K, used 48004K [0x00000000dae00000, 0x00000000e0000000, 0x00000000e0000000)
  object space 83968K, 57% used [0x00000000dae00000,0x00000000ddce1140,0x00000000e0000000)
}
Event: 83.181 GC heap before
{Heap before GC invocations=25 (full 3):
 PSYoungGen      total 144704K, used 121137K [0x00000000f5560000, 0x00000000fff30000, 0x0000000100000000)
  eden space 118144K, 100% used [0x00000000f5560000,0x00000000fc8c0000,0x00000000fc8c0000)
  from space 26560K, 11% used [0x00000000fc8c0000,0x00000000fcbac460,0x00000000fe2b0000)
  to   space 25280K, 0% used [0x00000000fe680000,0x00000000fe680000,0x00000000fff30000)
 ParOldGen       total 162048K, used 97334K [0x00000000e0000000, 0x00000000e9e40000, 0x00000000f5560000)
  object space 162048K, 60% used [0x00000000e0000000,0x00000000e5f0dbf0,0x00000000e9e40000)
 PSPermGen       total 83968K, used 48004K [0x00000000dae00000, 0x00000000e0000000, 0x00000000e0000000)
  object space 83968K, 57% used [0x00000000dae00000,0x00000000ddce1140,0x00000000e0000000)
Event: 83.188 GC heap after
Heap after GC invocations=25 (full 3):
 PSYoungGen      total 144768K, used 2526K [0x00000000f5560000, 0x00000000ffc30000, 0x0000000100000000)
  eden space 122560K, 0% used [0x00000000f5560000,0x00000000f5560000,0x00000000fcd10000)
  from space 22208K, 11% used [0x00000000fe680000,0x00000000fe8f7ac0,0x00000000ffc30000)
  to   space 24128K, 0% used [0x00000000fcd10000,0x00000000fcd10000,0x00000000fe4a0000)
 ParOldGen       total 162048K, used 97334K [0x00000000e0000000, 0x00000000e9e40000, 0x00000000f5560000)
  object space 162048K, 60% used [0x00000000e0000000,0x00000000e5f0dbf0,0x00000000e9e40000)
 PSPermGen       total 83968K, used 48004K [0x00000000dae00000, 0x00000000e0000000, 0x00000000e0000000)
  object space 83968K, 57% used [0x00000000dae00000,0x00000000ddce1140,0x00000000e0000000)
}
Event: 85.743 GC heap before
{Heap before GC invocations=26 (full 3):
 PSYoungGen      total 144768K, used 125086K [0x00000000f5560000, 0x00000000ffc30000, 0x0000000100000000)
  eden space 122560K, 100% used [0x00000000f5560000,0x00000000fcd10000,0x00000000fcd10000)
  from space 22208K, 11% used [0x00000000fe680000,0x00000000fe8f7ac0,0x00000000ffc30000)
  to   space 24128K, 0% used [0x00000000fcd10000,0x00000000fcd10000,0x00000000fe4a0000)
 ParOldGen       total 162048K, used 97334K [0x00000000e0000000, 0x00000000e9e40000, 0x00000000f5560000)
  object space 162048K, 60% used [0x00000000e0000000,0x00000000e5f0dbf0,0x00000000e9e40000)
 PSPermGen       total 83968K, used 48004K [0x00000000dae00000, 0x00000000e0000000, 0x00000000e0000000)
  object space 83968K, 57% used [0x00000000dae00000,0x00000000ddce13b8,0x00000000e0000000)
Event: 85.749 GC heap after
Heap after GC invocations=26 (full 3):
 PSYoungGen      total 146688K, used 2558K [0x00000000f5560000, 0x00000000ffda0000, 0x0000000100000000)
  eden space 122560K, 0% used [0x00000000f5560000,0x00000000f5560000,0x00000000fcd10000)
  from space 24128K, 10% used [0x00000000fcd10000,0x00000000fcf8fac0,0x00000000fe4a0000)
  to   space 22912K, 0% used [0x00000000fe740000,0x00000000fe740000,0x00000000ffda0000)
 ParOldGen       total 162048K, used 97334K [0x00000000e0000000, 0x00000000e9e40000, 0x00000000f5560000)
  object space 162048K, 60% used [0x00000000e0000000,0x00000000e5f0dbf0,0x00000000e9e40000)
 PSPermGen       total 83968K, used 48004K [0x00000000dae00000, 0x00000000e0000000, 0x00000000e0000000)
  object space 83968K, 57% used [0x00000000dae00000,0x00000000ddce13b8,0x00000000e0000000)
}
Event: 88.317 GC heap before
{Heap before GC invocations=27 (full 3):
 PSYoungGen      total 146688K, used 125118K [0x00000000f5560000, 0x00000000ffda0000, 0x0000000100000000)
  eden space 122560K, 100% used [0x00000000f5560000,0x00000000fcd10000,0x00000000fcd10000)
  from space 24128K, 10% used [0x00000000fcd10000,0x00000000fcf8fac0,0x00000000fe4a0000)
  to   space 22912K, 0% used [0x00000000fe740000,0x00000000fe740000,0x00000000ffda0000)
 ParOldGen       total 162048K, used 97334K [0x00000000e0000000, 0x00000000e9e40000, 0x00000000f5560000)
  object space 162048K, 60% used [0x00000000e0000000,0x00000000e5f0dbf0,0x00000000e9e40000)
 PSPermGen       total 83968K, used 48004K [0x00000000dae00000, 0x00000000e0000000, 0x00000000e0000000)
  object space 83968K, 57% used [0x00000000dae00000,0x00000000ddce13b8,0x00000000e0000000)
Event: 88.329 GC heap after
Heap after GC invocations=27 (full 3):
 PSYoungGen      total 146816K, used 2590K [0x00000000f5560000, 0x00000000ffb40000, 0x0000000100000000)
  eden space 126336K, 0% used [0x00000000f5560000,0x00000000f5560000,0x00000000fd0c0000)
  from space 20480K, 12% used [0x00000000fe740000,0x00000000fe9c7ac0,0x00000000ffb40000)
  to   space 21760K, 0% used [0x00000000fd0c0000,0x00000000fd0c0000,0x00000000fe600000)
 ParOldGen       total 162048K, used 97334K [0x00000000e0000000, 0x00000000e9e40000, 0x00000000f5560000)
  object space 162048K, 60% used [0x00000000e0000000,0x00000000e5f0dbf0,0x00000000e9e40000)
 PSPermGen       total 83968K, used 48004K [0x00000000dae00000, 0x00000000e0000000, 0x00000000e0000000)
  object space 83968K, 57% used [0x00000000dae00000,0x00000000ddce13b8,0x00000000e0000000)
}
Event: 91.651 GC heap before
{Heap before GC invocations=28 (full 3):
 PSYoungGen      total 146816K, used 128926K [0x00000000f5560000, 0x00000000ffb40000, 0x0000000100000000)
  eden space 126336K, 100% used [0x00000000f5560000,0x00000000fd0c0000,0x00000000fd0c0000)
  from space 20480K, 12% used [0x00000000fe740000,0x00000000fe9c7ac0,0x00000000ffb40000)
  to   space 21760K, 0% used [0x00000000fd0c0000,0x00000000fd0c0000,0x00000000fe600000)
 ParOldGen       total 162048K, used 97334K [0x00000000e0000000, 0x00000000e9e40000, 0x00000000f5560000)
  object space 162048K, 60% used [0x00000000e0000000,0x00000000e5f0dbf0,0x00000000e9e40000)
 PSPermGen       total 83968K, used 48151K [0x00000000dae00000, 0x00000000e0000000, 0x00000000e0000000)
  object space 83968K, 57% used [0x00000000dae00000,0x00000000ddd05cc0,0x00000000e0000000)
Event: 91.662 GC heap after
Heap after GC invocations=28 (full 3):
 PSYoungGen      total 148096K, used 2748K [0x00000000f5560000, 0x00000000ffba0000, 0x0000000100000000)
  eden space 126336K, 0% used [0x00000000f5560000,0x00000000f5560000,0x00000000fd0c0000)
  from space 21760K, 12% used [0x00000000fd0c0000,0x00000000fd36f1d0,0x00000000fe600000)
  to   space 20608K, 0% used [0x00000000fe780000,0x00000000fe780000,0x00000000ffba0000)
 ParOldGen       total 162048K, used 97334K [0x00000000e0000000, 0x00000000e9e40000, 0x00000000f5560000)
  object space 162048K, 60% used [0x00000000e0000000,0x00000000e5f0dbf0,0x00000000e9e40000)
 PSPermGen       total 83968K, used 48151K [0x00000000dae00000, 0x00000000e0000000, 0x00000000e0000000)
  object space 83968K, 57% used [0x00000000dae00000,0x00000000ddd05cc0,0x00000000e0000000)
}

